26/10/21 05:04:11 PM Tuesday - BaseClass - INFO : Web Page Launched with URL : https://askomdch.com
26/10/21 05:04:12 PM Tuesday - BaseClass - INFO : Page is loaded with the endpoint/
26/10/21 05:04:12 PM Tuesday - BaseClass - INFO :  WebElement Found AskOmDch
26/10/21 05:04:12 PM Tuesday - BaseClass - INFO : WebElement found with locator value #menu-item-1227 using locatorType css
26/10/21 05:04:13 PM Tuesday - BaseClass - INFO : Clicked on WebElement with locator value #menu-item-1227 using locatorType css
26/10/21 05:04:13 PM Tuesday - BaseClass - INFO : WebElement found with locator value #woocommerce-product-search-field-0 using locatorType css
26/10/21 05:04:13 PM Tuesday - BaseClass - INFO : Sent the text "Blue" in WebElement with locator value #woocommerce-product-search-field-0 using locatorType css
26/10/21 05:04:13 PM Tuesday - BaseClass - INFO : WebElement found with locator value #woocommerce_product_search-1>form>button using locatorType css
26/10/21 05:04:14 PM Tuesday - BaseClass - INFO : Clicked on WebElement with locator value #woocommerce_product_search-1>form>button using locatorType css
26/10/21 05:04:14 PM Tuesday - BaseClass - INFO : WebElement found with locator value .woocommerce-products-header>h1 using locatorType css selector
26/10/21 05:04:14 PM Tuesday - BaseClass - INFO : Getting text on element :: 
26/10/21 05:04:14 PM Tuesday - BaseClass - INFO : The text is :: 'Search results: “"Blue"”'
26/10/21 05:04:14 PM Tuesday - BaseClass - INFO : WebElement found with locator value .woocommerce-products-header>h1 using locatorType css selector
26/10/21 05:04:14 PM Tuesday - BaseClass - INFO : Getting text on element :: 
26/10/21 05:04:14 PM Tuesday - BaseClass - INFO : The text is :: 'Search results: “"Blue"”'
26/10/21 05:05:59 PM Tuesday - BaseClass - INFO : Web Page Launched with URL : https://askomdch.com
26/10/21 05:06:00 PM Tuesday - BaseClass - INFO : Page is loaded with the endpoint/
26/10/21 05:06:00 PM Tuesday - BaseClass - INFO :  WebElement Found AskOmDch
26/10/21 05:06:00 PM Tuesday - BaseClass - INFO : WebElement found with locator value #menu-item-1227 using locatorType css
26/10/21 05:06:02 PM Tuesday - BaseClass - INFO : Clicked on WebElement with locator value #menu-item-1227 using locatorType css
26/10/21 05:06:02 PM Tuesday - BaseClass - INFO : WebElement found with locator value #woocommerce-product-search-field-0 using locatorType css
26/10/21 05:06:02 PM Tuesday - BaseClass - INFO : Sent the text "Blue" in WebElement with locator value #woocommerce-product-search-field-0 using locatorType css
26/10/21 05:06:02 PM Tuesday - BaseClass - INFO : WebElement found with locator value #woocommerce_product_search-1>form>button using locatorType css
26/10/21 05:06:04 PM Tuesday - BaseClass - INFO : Clicked on WebElement with locator value #woocommerce_product_search-1>form>button using locatorType css
26/10/21 05:06:04 PM Tuesday - BaseClass - INFO : WebElement found with locator value .woocommerce-products-header>h1 using locatorType css selector
26/10/21 05:06:04 PM Tuesday - BaseClass - INFO : Getting text on element :: 
26/10/21 05:06:04 PM Tuesday - BaseClass - INFO : The text is :: 'Search results: “"Blue"”'
26/10/21 05:06:04 PM Tuesday - BaseClass - INFO : WebElement found with locator value .woocommerce-products-header>h1 using locatorType css selector
26/10/21 05:06:04 PM Tuesday - BaseClass - INFO : Getting text on element :: 
26/10/21 05:06:04 PM Tuesday - BaseClass - INFO : The text is :: 'Search results: “"Blue"”'
26/10/21 05:06:04 PM Tuesday - BaseClass - INFO :  WebElement Not Found
26/10/21 05:09:25 PM Tuesday - BaseClass - INFO : Web Page Launched with URL : https://askomdch.com
26/10/21 05:09:26 PM Tuesday - BaseClass - INFO : Page is loaded with the endpoint/
26/10/21 05:09:26 PM Tuesday - BaseClass - INFO :  WebElement Found AskOmDch
26/10/21 05:09:26 PM Tuesday - BaseClass - INFO : WebElement found with locator value #menu-item-1227 using locatorType css
26/10/21 05:09:28 PM Tuesday - BaseClass - INFO : Clicked on WebElement with locator value #menu-item-1227 using locatorType css
26/10/21 05:09:28 PM Tuesday - BaseClass - INFO : WebElement found with locator value #woocommerce-product-search-field-0 using locatorType css
26/10/21 05:09:28 PM Tuesday - BaseClass - INFO : Sent the text "Blue" in WebElement with locator value #woocommerce-product-search-field-0 using locatorType css
26/10/21 05:09:28 PM Tuesday - BaseClass - INFO : WebElement found with locator value #woocommerce_product_search-1>form>button using locatorType css
26/10/21 05:09:29 PM Tuesday - BaseClass - INFO : Clicked on WebElement with locator value #woocommerce_product_search-1>form>button using locatorType css
26/10/21 05:09:29 PM Tuesday - BaseClass - INFO : WebElement found with locator value .woocommerce-products-header>h1 using locatorType css selector
26/10/21 05:09:29 PM Tuesday - BaseClass - INFO : Getting text on element :: 
26/10/21 05:09:29 PM Tuesday - BaseClass - INFO : The text is :: 'Search results: “"Blue"”'
26/10/21 05:09:29 PM Tuesday - BaseClass - INFO : WebElement found with locator value .woocommerce-products-header>h1 using locatorType css selector
26/10/21 05:09:29 PM Tuesday - BaseClass - INFO : Getting text on element :: 
26/10/21 05:09:29 PM Tuesday - BaseClass - INFO : The text is :: 'Search results: “"Blue"”'
26/10/21 05:17:56 PM Tuesday - BaseClass - INFO : Web Page Launched with URL : https://askomdch.com
26/10/21 05:17:56 PM Tuesday - BaseClass - INFO : Page is loaded with the endpoint/
26/10/21 05:17:56 PM Tuesday - BaseClass - INFO :  WebElement Found AskOmDch
26/10/21 05:17:57 PM Tuesday - BaseClass - INFO : WebElement found with locator value #menu-item-1227 using locatorType css
26/10/21 05:17:58 PM Tuesday - BaseClass - INFO : Clicked on WebElement with locator value #menu-item-1227 using locatorType css
26/10/21 05:17:58 PM Tuesday - BaseClass - INFO : WebElement found with locator value #woocommerce-product-search-field-0 using locatorType css
26/10/21 05:17:58 PM Tuesday - BaseClass - INFO : Sent the text "Blue" in WebElement with locator value #woocommerce-product-search-field-0 using locatorType css
26/10/21 05:17:58 PM Tuesday - BaseClass - INFO : WebElement found with locator value #woocommerce_product_search-1>form>button using locatorType css
26/10/21 05:17:59 PM Tuesday - BaseClass - INFO : Clicked on WebElement with locator value #woocommerce_product_search-1>form>button using locatorType css
26/10/21 05:17:59 PM Tuesday - BaseClass - INFO : WebElement found with locator value .woocommerce-products-header>h1 using locatorType css selector
26/10/21 05:17:59 PM Tuesday - BaseClass - INFO : Getting text on element :: 
26/10/21 05:17:59 PM Tuesday - BaseClass - INFO : The text is :: 'Search results: “"Blue"”'
26/10/21 05:17:59 PM Tuesday - BaseClass - INFO : WebElement found with locator value .woocommerce-products-header>h1 using locatorType css selector
26/10/21 05:17:59 PM Tuesday - BaseClass - INFO : Getting text on element :: 
26/10/21 05:17:59 PM Tuesday - BaseClass - INFO : The text is :: 'Search results: “"Blue"”'
26/10/21 06:01:29 PM Tuesday - BaseClass - INFO : Web Page Launched with URL : https://askomdch.com
26/10/21 06:01:29 PM Tuesday - BaseClass - INFO : Page is loaded with the endpoint/
26/10/21 06:01:29 PM Tuesday - BaseClass - INFO :  WebElement Found AskOmDch
26/10/21 06:01:29 PM Tuesday - BaseClass - INFO : WebElement found with locator value #menu-item-1227 using locatorType css
26/10/21 06:01:32 PM Tuesday - BaseClass - INFO : Clicked on WebElement with locator value #menu-item-1227 using locatorType css
26/10/21 06:01:32 PM Tuesday - BaseClass - INFO : WebElement found with locator value #woocommerce-product-search-field-0 using locatorType css
26/10/21 06:01:32 PM Tuesday - BaseClass - INFO : Sent the text "Blue" in WebElement with locator value #woocommerce-product-search-field-0 using locatorType css
26/10/21 06:01:32 PM Tuesday - BaseClass - INFO : WebElement found with locator value #woocommerce_product_search-1>form>button using locatorType css
26/10/21 06:01:34 PM Tuesday - BaseClass - INFO : Clicked on WebElement with locator value #woocommerce_product_search-1>form>button using locatorType css
26/10/21 06:01:34 PM Tuesday - BaseClass - INFO : WebElement found with locator value .woocommerce-products-header>h1 using locatorType css selector
26/10/21 06:01:34 PM Tuesday - BaseClass - INFO : Getting text on element :: 
26/10/21 06:01:34 PM Tuesday - BaseClass - INFO : The text is :: 'Search results: “"Blue"”'
26/10/21 06:01:34 PM Tuesday - BaseClass - INFO : WebElement found with locator value .woocommerce-products-header>h1 using locatorType css selector
26/10/21 06:01:34 PM Tuesday - BaseClass - INFO : Getting text on element :: 
26/10/21 06:01:34 PM Tuesday - BaseClass - INFO : The text is :: 'Search results: “"Blue"”'
26/10/21 06:02:51 PM Tuesday - BaseClass - INFO : Web Page Launched with URL : https://askomdch.com
26/10/21 06:02:52 PM Tuesday - BaseClass - INFO : Page is loaded with the endpoint/
26/10/21 06:02:52 PM Tuesday - BaseClass - INFO :  WebElement Found AskOmDch
26/10/21 06:02:52 PM Tuesday - BaseClass - INFO : WebElement found with locator value #menu-item-1227 using locatorType css
26/10/21 06:02:53 PM Tuesday - BaseClass - INFO : Clicked on WebElement with locator value #menu-item-1227 using locatorType css
26/10/21 06:02:53 PM Tuesday - BaseClass - INFO : WebElement found with locator value #woocommerce-product-search-field-0 using locatorType css
26/10/21 06:02:53 PM Tuesday - BaseClass - INFO : Sent the text "Blue" in WebElement with locator value #woocommerce-product-search-field-0 using locatorType css
26/10/21 06:02:53 PM Tuesday - BaseClass - INFO : WebElement found with locator value #woocommerce_product_search-1>form>button using locatorType css
26/10/21 06:02:54 PM Tuesday - BaseClass - INFO : Clicked on WebElement with locator value #woocommerce_product_search-1>form>button using locatorType css
26/10/21 06:02:54 PM Tuesday - BaseClass - INFO : WebElement found with locator value .woocommerce-products-header>h1 using locatorType css selector
26/10/21 06:02:54 PM Tuesday - BaseClass - INFO : Getting text on element :: 
26/10/21 06:02:54 PM Tuesday - BaseClass - INFO : The text is :: 'Search results: “"Blue"”'
26/10/21 06:02:54 PM Tuesday - BaseClass - INFO : WebElement found with locator value .woocommerce-products-header>h1 using locatorType css selector
26/10/21 06:02:54 PM Tuesday - BaseClass - INFO : Getting text on element :: 
26/10/21 06:02:54 PM Tuesday - BaseClass - INFO : The text is :: 'Search results: “"Blue"”'
26/10/21 06:05:44 PM Tuesday - BaseClass - INFO : Web Page Launched with URL : https://askomdch.com
26/10/21 06:05:45 PM Tuesday - BaseClass - INFO : Page is loaded with the endpoint/
26/10/21 06:05:45 PM Tuesday - BaseClass - INFO :  WebElement Found AskOmDch
26/10/21 06:05:45 PM Tuesday - BaseClass - INFO : WebElement found with locator value #menu-item-1227 using locatorType css
26/10/21 06:05:46 PM Tuesday - BaseClass - INFO : Clicked on WebElement with locator value #menu-item-1227 using locatorType css
26/10/21 06:05:46 PM Tuesday - BaseClass - INFO : WebElement found with locator value #woocommerce-product-search-field-0 using locatorType css
26/10/21 06:05:47 PM Tuesday - BaseClass - INFO : Sent the text "Blue" in WebElement with locator value #woocommerce-product-search-field-0 using locatorType css
26/10/21 06:05:47 PM Tuesday - BaseClass - INFO : WebElement found with locator value #woocommerce_product_search-1>form>button using locatorType css
26/10/21 06:05:48 PM Tuesday - BaseClass - INFO : Clicked on WebElement with locator value #woocommerce_product_search-1>form>button using locatorType css
26/10/21 06:05:48 PM Tuesday - BaseClass - INFO : WebElement found with locator value .woocommerce-products-header>h1 using locatorType css selector
26/10/21 06:05:48 PM Tuesday - BaseClass - INFO : Getting text on element :: 
26/10/21 06:05:48 PM Tuesday - BaseClass - INFO : The text is :: 'Search results: “"Blue"”'
26/10/21 06:05:48 PM Tuesday - BaseClass - INFO : WebElement found with locator value .woocommerce-products-header>h1 using locatorType css selector
26/10/21 06:05:48 PM Tuesday - BaseClass - INFO : Getting text on element :: 
26/10/21 06:05:48 PM Tuesday - BaseClass - INFO : The text is :: 'Search results: “"Blue"”'
26/10/21 06:13:37 PM Tuesday - BaseClass - INFO : Web Page Launched with URL : https://askomdch.com
26/10/21 06:13:38 PM Tuesday - BaseClass - INFO : Page is loaded with the endpoint/
26/10/21 06:13:38 PM Tuesday - BaseClass - INFO :  WebElement Found AskOmDch
26/10/21 06:13:38 PM Tuesday - BaseClass - INFO : WebElement found with locator value #menu-item-1227 using locatorType css
26/10/21 06:13:39 PM Tuesday - BaseClass - INFO : Clicked on WebElement with locator value #menu-item-1227 using locatorType css
26/10/21 06:13:40 PM Tuesday - BaseClass - INFO : WebElement found with locator value #woocommerce-product-search-field-0 using locatorType css
26/10/21 06:13:40 PM Tuesday - BaseClass - INFO : Sent the text "Blue" in WebElement with locator value #woocommerce-product-search-field-0 using locatorType css
26/10/21 06:13:40 PM Tuesday - BaseClass - INFO : WebElement found with locator value #woocommerce_product_search-1>form>button using locatorType css
26/10/21 06:13:41 PM Tuesday - BaseClass - INFO : Clicked on WebElement with locator value #woocommerce_product_search-1>form>button using locatorType css
26/10/21 06:13:41 PM Tuesday - BaseClass - INFO : WebElement found with locator value .woocommerce-products-header>h1 using locatorType css selector
26/10/21 06:13:41 PM Tuesday - BaseClass - INFO : Getting text on element :: 
26/10/21 06:13:41 PM Tuesday - BaseClass - INFO : The text is :: 'Search results: “"Blue"”'
26/10/21 06:13:41 PM Tuesday - BaseClass - INFO : WebElement found with locator value .woocommerce-products-header>h1 using locatorType css selector
26/10/21 06:13:41 PM Tuesday - BaseClass - INFO : Getting text on element :: 
26/10/21 06:13:41 PM Tuesday - BaseClass - INFO : The text is :: 'Search results: “"Blue"”'
26/10/21 06:20:38 PM Tuesday - BaseClass - INFO : Web Page Launched with URL : https://askomdch.com
26/10/21 06:20:38 PM Tuesday - BaseClass - INFO : Page is loaded with the endpoint/
26/10/21 06:20:38 PM Tuesday - BaseClass - INFO :  WebElement Found AskOmDch
26/10/21 06:20:39 PM Tuesday - BaseClass - INFO : WebElement found with locator value #menu-item-1227 using locatorType css
26/10/21 06:20:39 PM Tuesday - BaseClass - INFO : Clicked on WebElement with locator value #menu-item-1227 using locatorType css
26/10/21 06:20:40 PM Tuesday - BaseClass - INFO : WebElement found with locator value #woocommerce-product-search-field-0 using locatorType css
26/10/21 06:20:40 PM Tuesday - BaseClass - INFO : Sent the text "Blue" in WebElement with locator value #woocommerce-product-search-field-0 using locatorType css
26/10/21 06:20:40 PM Tuesday - BaseClass - INFO : WebElement found with locator value #woocommerce_product_search-1>form>button using locatorType css
26/10/21 06:20:41 PM Tuesday - BaseClass - INFO : Clicked on WebElement with locator value #woocommerce_product_search-1>form>button using locatorType css
26/10/21 06:20:41 PM Tuesday - BaseClass - INFO : WebElement found with locator value .woocommerce-products-header>h1 using locatorType css selector
26/10/21 06:20:41 PM Tuesday - BaseClass - INFO : Getting text on element :: 
26/10/21 06:20:41 PM Tuesday - BaseClass - INFO : The text is :: 'Search results: “"Blue"”'
26/10/21 06:20:41 PM Tuesday - BaseClass - INFO : WebElement found with locator value .woocommerce-products-header>h1 using locatorType css selector
26/10/21 06:20:41 PM Tuesday - BaseClass - INFO : Getting text on element :: 
26/10/21 06:20:41 PM Tuesday - BaseClass - INFO : The text is :: 'Search results: “"Blue"”'
